<?xml version="1.0" encoding="UTF-8"?>
<!-- Generated by org.testng.reporters.JUnitXMLReporter -->
<testsuite ignored="3" hostname="TYSS-Apoorva" failures="0" tests="2" name="Test2" time="8.628" errors="0" timestamp="2024-03-20T11:15:20 IST">
  <testcase classname="testScript.To_launch_Sugar" name="sugar" time="3.87"/>
  <testcase classname="testScript.To_Iaunch_Lorealparis" name="lorealparis" time="4.746"/>
  <testcase classname="testScript.To_launch_Samsung" name="samsung" time="0.0">
    <ignored/>
  </testcase> <!-- samsung -->
  <testcase classname="testScript.To_launch_Motorola" name="motorola" time="0.0">
    <ignored/>
  </testcase> <!-- motorola -->
  <testcase classname="testScript.To_launch_Apple" name="apple" time="0.0">
    <ignored/>
  </testcase> <!-- apple -->
</testsuite> <!-- Test2 -->
