<?xml version="1.0" encoding="UTF-8"?>
<!-- Generated by org.testng.reporters.JUnitXMLReporter -->
<testsuite ignored="2" hostname="TYSS-Apoorva" failures="0" tests="5" name="Test1" time="44.407" errors="0" timestamp="2024-03-20T11:15:11 IST">
  <testcase classname="testScript.To_launch_Flipcart" name="flipcart" time="25.794"/>
  <testcase classname="testScript.To_launch_DemoWebshop" name="demoWebshop" time="27.449"/>
  <testcase classname="testScript.To_launch_Meesho" name="meesho" time="43.95"/>
  <testcase classname="testScript.To_launch_Purplle" name="purplle" time="44.195"/>
  <testcase classname="testScript.To_launch_Myntra" name="myntra" time="44.325"/>
  <testcase classname="testScript.To_launch_Poco" name="poco" time="0.0">
    <ignored/>
  </testcase> <!-- poco -->
  <testcase classname="testScript.To_launch_Mi" name="mi" time="0.0">
    <ignored/>
  </testcase> <!-- mi -->
</testsuite> <!-- Test1 -->
